{"/Users/bryan_uruit/Documents/personal/ReactNativeGetStarted/src/App.js": {"path":"/Users/bryan_uruit/Documents/personal/ReactNativeGetStarted/src/App.js","statementMap":{"0":{"start":{"line":20,"column":16},"end":{"line":44,"column":1}},"1":{"start":{"line":21,"column":21},"end":{"line":21,"column":48}},"2":{"start":{"line":22,"column":2},"end":{"line":43,"column":4}},"3":{"start":{"line":46,"column":12},"end":{"line":82,"column":1}},"4":{"start":{"line":47,"column":21},"end":{"line":47,"column":48}},"5":{"start":{"line":49,"column":26},"end":{"line":51,"column":3}},"6":{"start":{"line":53,"column":2},"end":{"line":81,"column":4}},"7":{"start":{"line":84,"column":15},"end":{"line":101,"column":2}}},"fnMap":{"0":{"name":"(anonymous_0)","decl":{"start":{"line":20,"column":16},"end":{"line":20,"column":17}},"loc":{"start":{"line":20,"column":41},"end":{"line":44,"column":1}},"line":20},"1":{"name":"(anonymous_1)","decl":{"start":{"line":46,"column":12},"end":{"line":46,"column":13}},"loc":{"start":{"line":46,"column":18},"end":{"line":82,"column":1}},"line":46}},"branchMap":{"0":{"loc":{"start":{"line":28,"column":19},"end":{"line":28,"column":59}},"type":"cond-expr","locations":[{"start":{"line":28,"column":32},"end":{"line":28,"column":44}},{"start":{"line":28,"column":47},"end":{"line":28,"column":59}}],"line":28},"1":{"loc":{"start":{"line":37,"column":19},"end":{"line":37,"column":58}},"type":"cond-expr","locations":[{"start":{"line":37,"column":32},"end":{"line":37,"column":44}},{"start":{"line":37,"column":47},"end":{"line":37,"column":58}}],"line":37},"2":{"loc":{"start":{"line":50,"column":21},"end":{"line":50,"column":64}},"type":"cond-expr","locations":[{"start":{"line":50,"column":34},"end":{"line":50,"column":47}},{"start":{"line":50,"column":50},"end":{"line":50,"column":64}}],"line":50},"3":{"loc":{"start":{"line":55,"column":27},"end":{"line":55,"column":72}},"type":"cond-expr","locations":[{"start":{"line":55,"column":40},"end":{"line":55,"column":55}},{"start":{"line":55,"column":58},"end":{"line":55,"column":72}}],"line":55},"4":{"loc":{"start":{"line":62,"column":29},"end":{"line":62,"column":69}},"type":"cond-expr","locations":[{"start":{"line":62,"column":42},"end":{"line":62,"column":54}},{"start":{"line":62,"column":57},"end":{"line":62,"column":69}}],"line":62}},"s":{"0":1,"1":4,"2":4,"3":1,"4":1,"5":1,"6":1,"7":1},"f":{"0":4,"1":1},"b":{"0":[0,4],"1":[0,4],"2":[0,1],"3":[0,1],"4":[0,1]},"_coverageSchema":"1a1c01bbd47fc00a2c39e90264f33305004495a9","hash":"e2ac769f90de728d349b30cb579c9513655c1043"}
}
