{"/Users/bryan_uruit/Documents/personal/ReactNativeGetStarted/src/App.js": {"path":"/Users/bryan_uruit/Documents/personal/ReactNativeGetStarted/src/App.js","statementMap":{"0":{"start":{"line":6,"column":12},"end":{"line":12,"column":1}},"1":{"start":{"line":7,"column":2},"end":{"line":11,"column":3}}},"fnMap":{"0":{"name":"(anonymous_0)","decl":{"start":{"line":6,"column":12},"end":{"line":6,"column":13}},"loc":{"start":{"line":6,"column":18},"end":{"line":12,"column":1}},"line":6}},"branchMap":{},"s":{"0":1,"1":1},"f":{"0":1},"b":{},"_coverageSchema":"1a1c01bbd47fc00a2c39e90264f33305004495a9","hash":"3b3032f6a5b477489a7ccfca044c06bade9c84d1"}
,"/Users/bryan_uruit/Documents/personal/ReactNativeGetStarted/src/components/Screens/Login/Login.js": {"path":"/Users/bryan_uruit/Documents/personal/ReactNativeGetStarted/src/components/Screens/Login/Login.js","statementMap":{"0":{"start":{"line":4,"column":14},"end":{"line":10,"column":1}},"1":{"start":{"line":5,"column":2},"end":{"line":9,"column":3}}},"fnMap":{"0":{"name":"(anonymous_0)","decl":{"start":{"line":4,"column":14},"end":{"line":4,"column":15}},"loc":{"start":{"line":4,"column":20},"end":{"line":10,"column":1}},"line":4}},"branchMap":{},"s":{"0":2,"1":1},"f":{"0":1},"b":{},"_coverageSchema":"1a1c01bbd47fc00a2c39e90264f33305004495a9","hash":"aa8101b2f90560257c741e88b502fb416d9a7d2f"}
,"/Users/bryan_uruit/Documents/personal/ReactNativeGetStarted/src/components/Screens/Login/Login.story.js": {"path":"/Users/bryan_uruit/Documents/personal/ReactNativeGetStarted/src/components/Screens/Login/Login.story.js","statementMap":{},"fnMap":{},"branchMap":{},"s":{},"f":{},"b":{}}
,"/Users/bryan_uruit/Documents/personal/ReactNativeGetStarted/src/components/Screens/Onbording/Onbording.js": {"path":"/Users/bryan_uruit/Documents/personal/ReactNativeGetStarted/src/components/Screens/Onbording/Onbording.js","statementMap":{"0":{"start":{"line":4,"column":18},"end":{"line":10,"column":1}},"1":{"start":{"line":5,"column":2},"end":{"line":9,"column":3}}},"fnMap":{"0":{"name":"(anonymous_0)","decl":{"start":{"line":4,"column":18},"end":{"line":4,"column":19}},"loc":{"start":{"line":4,"column":24},"end":{"line":10,"column":1}},"line":4}},"branchMap":{},"s":{"0":2,"1":2},"f":{"0":2},"b":{},"_coverageSchema":"1a1c01bbd47fc00a2c39e90264f33305004495a9","hash":"ef7a7515e1d836c2b692cfa8a57f11932a01405e"}
,"/Users/bryan_uruit/Documents/personal/ReactNativeGetStarted/src/components/Screens/Onbording/Onbording.story.js": {"path":"/Users/bryan_uruit/Documents/personal/ReactNativeGetStarted/src/components/Screens/Onbording/Onbording.story.js","statementMap":{},"fnMap":{},"branchMap":{},"s":{},"f":{},"b":{}}
,"/Users/bryan_uruit/Documents/personal/ReactNativeGetStarted/src/components/Screens/Signin/Signin.js": {"path":"/Users/bryan_uruit/Documents/personal/ReactNativeGetStarted/src/components/Screens/Signin/Signin.js","statementMap":{"0":{"start":{"line":4,"column":15},"end":{"line":10,"column":1}},"1":{"start":{"line":5,"column":2},"end":{"line":9,"column":4}}},"fnMap":{"0":{"name":"(anonymous_0)","decl":{"start":{"line":4,"column":15},"end":{"line":4,"column":16}},"loc":{"start":{"line":4,"column":21},"end":{"line":10,"column":1}},"line":4}},"branchMap":{},"s":{"0":2,"1":1},"f":{"0":1},"b":{},"_coverageSchema":"1a1c01bbd47fc00a2c39e90264f33305004495a9","hash":"73b1c3dff970ab37619b1564c54277eabebbc608"}
,"/Users/bryan_uruit/Documents/personal/ReactNativeGetStarted/src/components/Screens/Signin/Signin.story.js": {"path":"/Users/bryan_uruit/Documents/personal/ReactNativeGetStarted/src/components/Screens/Signin/Signin.story.js","statementMap":{},"fnMap":{},"branchMap":{},"s":{},"f":{},"b":{}}
,"/Users/bryan_uruit/Documents/personal/ReactNativeGetStarted/src/themes/data.js": {"path":"/Users/bryan_uruit/Documents/personal/ReactNativeGetStarted/src/themes/data.js","statementMap":{"0":{"start":{"line":3,"column":20},"end":{"line":6,"column":1}},"1":{"start":{"line":8,"column":19},"end":{"line":10,"column":1}},"2":{"start":{"line":12,"column":18},"end":{"line":14,"column":1}}},"fnMap":{},"branchMap":{},"s":{"0":1,"1":1,"2":1},"f":{},"b":{},"_coverageSchema":"1a1c01bbd47fc00a2c39e90264f33305004495a9","hash":"0229eca13dcde5757fa76fd06cd4655d31e0c5b1"}
}
